timestamp: 2015-11-21T20:47:45.458779
CREATE TABLE auth_user(
    id INTEGER PRIMARY KEY AUTOINCREMENT,
    first_name CHAR(128),
    last_name CHAR(128),
    email CHAR(512),
    password CHAR(512),
    registration_key CHAR(512),
    reset_password_key CHAR(512),
    registration_id CHAR(512)
);
success!
timestamp: 2015-11-21T20:47:45.556804
CREATE TABLE auth_group(
    id INTEGER PRIMARY KEY AUTOINCREMENT,
    role CHAR(512),
    description TEXT
);
success!
timestamp: 2015-11-21T20:47:45.691214
CREATE TABLE auth_membership(
    id INTEGER PRIMARY KEY AUTOINCREMENT,
    user_id INTEGER REFERENCES auth_user(id) ON DELETE CASCADE,
    group_id INTEGER REFERENCES auth_group(id) ON DELETE CASCADE
);
success!
timestamp: 2015-11-21T20:47:45.837567
CREATE TABLE auth_permission(
    id INTEGER PRIMARY KEY AUTOINCREMENT,
    group_id INTEGER REFERENCES auth_group(id) ON DELETE CASCADE,
    name CHAR(512),
    table_name CHAR(512),
    record_id INTEGER
);
success!
timestamp: 2015-11-21T20:47:45.971435
CREATE TABLE auth_event(
    id INTEGER PRIMARY KEY AUTOINCREMENT,
    time_stamp TIMESTAMP,
    client_ip CHAR(512),
    user_id INTEGER REFERENCES auth_user(id) ON DELETE CASCADE,
    origin CHAR(512),
    description TEXT
);
success!
timestamp: 2015-11-21T20:47:46.119368
CREATE TABLE auth_cas(
    id INTEGER PRIMARY KEY AUTOINCREMENT,
    user_id INTEGER REFERENCES auth_user(id) ON DELETE CASCADE,
    created_on TIMESTAMP,
    service CHAR(512),
    ticket CHAR(512),
    renew CHAR(1)
);
success!
timestamp: 2015-11-21T20:58:33.245758
CREATE TABLE Resume(
    id INTEGER PRIMARY KEY AUTOINCREMENT,
    name CHAR(512),
    email CHAR(512),
    Phone_Number INTEGER,
    CGPA DOUBLE
);
success!
timestamp: 2015-11-21T23:00:01.933761
ALTER TABLE Resume ADD college CHAR(512);
timestamp: 2015-11-22T16:41:54.484661
ALTER TABLE Resume ADD college_postgrad CHAR(512);
timestamp: 2015-11-22T16:41:54.666532
ALTER TABLE Resume ADD specialization CHAR(512);
timestamp: 2015-11-22T16:41:54.779327
ALTER TABLE Resume ADD years_of_exp INTEGER;
timestamp: 2015-11-22T16:41:54.904714
ALTER TABLE Resume ADD college_undergrad CHAR(512);
